<?xml version="1.0" encoding="UTF-8"?>
<!-- Generated by org.testng.reporters.JUnitXMLReporter -->
<testsuite hostname="LAPTOP-KNHH4CE3" ignored="0" name="Test2" tests="1" failures="1" timestamp="05 Sep 2020 11:46:43 GMT" time="99.652" errors="0">
  <testcase name="Schedule_screen" time="1.004" classname="Scratch.E2E_project.Schedule">
    <failure type="java.lang.NullPointerException">
      <![CDATA[java.lang.NullPointerException
at org.openqa.selenium.support.ui.ExpectedConditions.elementIfVisible(ExpectedConditions.java:314)
at org.openqa.selenium.support.ui.ExpectedConditions.access$000(ExpectedConditions.java:43)
at org.openqa.selenium.support.ui.ExpectedConditions$10.apply(ExpectedConditions.java:300)
at org.openqa.selenium.support.ui.ExpectedConditions$10.apply(ExpectedConditions.java:297)
at org.openqa.selenium.support.ui.ExpectedConditions$23.apply(ExpectedConditions.java:670)
at org.openqa.selenium.support.ui.ExpectedConditions$23.apply(ExpectedConditions.java:666)
at org.openqa.selenium.support.ui.FluentWait.until(FluentWait.java:249)
at Scratch.E2E_project.Schedule.Schedule_screen(Schedule.java:51)
... Removed 25 stack frames]]>
    </failure>
  </testcase> <!-- Schedule_screen -->
</testsuite> <!-- Test2 -->
