<?xml version="1.0" encoding="UTF-8"?>
<!-- Generated by org.testng.reporters.JUnitXMLReporter -->
<testsuite hostname="LAPTOP-KNHH4CE3" ignored="0" name="Test2" tests="1" failures="1" timestamp="05 Sep 2020 11:03:07 GMT" time="19.408" errors="0">
  <testcase name="Schedule_screen" time="0.0" classname="Scratch.E2E_project.Schedule">
    <failure type="org.testng.TestNGException" message="
Method public void Scratch.E2E_project.Schedule.Schedule_screen() throws java.io.IOException,java.lang.InterruptedException requires a @DataProvider named : data_prov">
      <![CDATA[org.testng.TestNGException: 
Method public void Scratch.E2E_project.Schedule.Schedule_screen() throws java.io.IOException,java.lang.InterruptedException requires a @DataProvider named : data_prov
... Removed 26 stack frames]]>
    </failure>
  </testcase> <!-- Schedule_screen -->
</testsuite> <!-- Test2 -->
